{"numTotalTestSuites":3,"numPassedTestSuites":1,"numFailedTestSuites":2,"numPendingTestSuites":0,"numTotalTests":7,"numPassedTests":4,"numFailedTests":1,"numPendingTests":1,"numTodoTests":1,"snapshot":{"added":0,"failure":false,"filesAdded":0,"filesRemoved":0,"filesRemovedList":[],"filesUnmatched":0,"filesUpdated":0,"matched":0,"total":0,"unchecked":0,"uncheckedKeysByFile":[],"unmatched":0,"updated":0,"didUpdate":false},"startTime":1789660848856,"success":false,"testResults":[{"assertionResults":[{"ancestorTitles":[],"fullName":"health ok","status":"passed","title":"health ok","duration":92.1601,"failureMessages":[],"meta":{},"tags":[]}],"startTime":1789660849021,"endTime":1789660849113.1602,"status":"passed","message":"","name":"/tmp/vprobe/test/routes/health.test.ts"},{"assertionResults":[{"ancestorTitles":["sighting"],"fullName":"sighting adds","status":"passed","title":"adds","duration":1.7154700000000105,"failureMessages":[],"meta":{},"tags":[]},{"ancestorTitles":["sighting"],"fullName":"sighting compares","status":"failed","title":"compares","duration":48.70559,"failureMessages":["AssertionError: expected 2 to be 3 // Object.is equality\n    at /tmp/vprobe/test/features/lost_pet/sighting.test.ts:6:95\n    at file:///tmp/vprobe/node_modules/@vitest/runner/dist/chunk-artifact.js:1903:20"],"meta":{},"tags":[]},{"ancestorTitles":["sighting"],"fullName":"sighting is skipped","status":"skipped","title":"is skipped","failureMessages":[],"meta":{},"tags":[]},{"ancestorTitles":["sighting"],"fullName":"sighting is todo","status":"todo","title":"is todo","failureMessages":[],"meta":{},"tags":[]},{"ancestorTitles":["sighting"],"fullName":"sighting flaky once","status":"passed","title":"flaky once","duration":0.855401999999998,"failureMessages":["AssertionError: expected 1 to be greater than 1\n    at /tmp/vprobe/test/features/lost_pet/sighting.test.ts:10:57\n    at file:///tmp/vprobe/node_modules/@vitest/runner/dist/chunk-artifact.js:302:11\n    at file:///tmp/vprobe/node_modules/@vitest/runner/dist/chunk-artifact.js:1903:26\n    at file:///tmp/vprobe/node_modules/@vitest/runner/dist/chunk-artifact.js:2326:20\n    at new Promise (<anonymous>)\n    at runWithCancel (file:///tmp/vprobe/node_modules/@vitest/runner/dist/chunk-artifact.js:2323:10)\n    at file:///tmp/vprobe/node_modules/@vitest/runner/dist/chunk-artifact.js:2305:20\n    at new Promise (<anonymous>)\n    at runWithTimeout (file:///tmp/vprobe/node_modules/@vitest/runner/dist/chunk-artifact.js:2272:10)\n    at file:///tmp/vprobe/node_modules/@vitest/runner/dist/chunk-artifact.js:2956:64"],"meta":{},"tags":[]},{"ancestorTitles":["sighting"],"fullName":"sighting clamps low","status":"passed","title":"clamps low","duration":0.18752499999999372,"failureMessages":[],"meta":{},"tags":[]}],"startTime":1789660849021,"endTime":1789660849072.8555,"status":"failed","message":"","name":"/tmp/vprobe/test/features/lost_pet/sighting.test.ts"}]}
